# JRE version: OpenJDK Runtime Environment (17.0.9) (build 17.0.9+0--11185874)
# Java VM: OpenJDK 64-Bit Server VM (17.0.9+0--11185874, mixed mode, tiered, compressed oops, compressed class ptrs, g1 gc, windows-amd64)
GC Precious Log:
 CPUs: 12 total, 12 available
 Memory: 16265M
 Large Page Support: Disabled
 NUMA Support: Disabled
 Compressed Oops: Enabled (Zero based)
 Heap Region Size: 2M
 Heap Min Capacity: 8M
 Heap Initial Capacity: 256M
 Heap Max Capacity: 4068M
 Pre-touch: Disabled
 Parallel Workers: 10
 Concurrent Workers: 3
 Concurrent Refinement Workers: 10
 Periodic GC: Disabled
Heap:
 garbage-first heap   total 147456K, used 96496K [0x0000000701c00000, 0x0000000800000000)
  region size 2048K, 11 young (22528K), 1 survivors (2048K)
 Metaspace       used 85381K, committed 85696K, reserved 1179648K
  class space    used 9443K, committed 9600K, reserved 1048576K
GC Heap History (20 events):
Event: 4.014 GC heap before
{Heap before GC invocations=18 (full 0):
 garbage-first heap   total 92160K, used 69841K [0x0000000701c00000, 0x0000000800000000)
  region size 2048K, 12 young (24576K), 2 survivors (4096K)
 Metaspace       used 63420K, committed 63744K, reserved 1114112K
  class space    used 7496K, committed 7680K, reserved 1048576K
}
Event: 4.021 GC heap after
{Heap after GC invocations=19 (full 0):
 garbage-first heap   total 129024K, used 53085K [0x0000000701c00000, 0x0000000800000000)
  region size 2048K, 2 young (4096K), 2 survivors (4096K)
 Metaspace       used 63420K, committed 63744K, reserved 1114112K
  class space    used 7496K, committed 7680K, reserved 1048576K
}
Event: 4.588 GC heap before
{Heap before GC invocations=20 (full 0):
 garbage-first heap   total 129024K, used 94045K [0x0000000701c00000, 0x0000000800000000)
  region size 2048K, 22 young (45056K), 2 survivors (4096K)
 Metaspace       used 65071K, committed 65344K, reserved 1114112K
  class space    used 7569K, committed 7744K, reserved 1048576K
}
Event: 4.595 GC heap after
{Heap after GC invocations=21 (full 0):
 garbage-first heap   total 129024K, used 58651K [0x0000000701c00000, 0x0000000800000000)
  region size 2048K, 3 young (6144K), 3 survivors (6144K)
 Metaspace       used 65071K, committed 65344K, reserved 1114112K
  class space    used 7569K, committed 7744K, reserved 1048576K
}
Event: 5.427 GC heap before
{Heap before GC invocations=21 (full 0):
 garbage-first heap   total 129024K, used 95515K [0x0000000701c00000, 0x0000000800000000)
  region size 2048K, 21 young (43008K), 3 survivors (6144K)
 Metaspace       used 66174K, committed 66496K, reserved 1114112K
  class space    used 7579K, committed 7744K, reserved 1048576K
}
Event: 5.434 GC heap after
{Heap after GC invocations=22 (full 0):
 garbage-first heap   total 129024K, used 62058K [0x0000000701c00000, 0x0000000800000000)
  region size 2048K, 2 young (4096K), 2 survivors (4096K)
 Metaspace       used 66174K, committed 66496K, reserved 1114112K
  class space    used 7579K, committed 7744K, reserved 1048576K
}
Event: 5.629 GC heap before
{Heap before GC invocations=22 (full 0):
 garbage-first heap   total 129024K, used 72298K [0x0000000701c00000, 0x0000000800000000)
  region size 2048K, 8 young (16384K), 2 survivors (4096K)
 Metaspace       used 66305K, committed 66624K, reserved 1114112K
  class space    used 7580K, committed 7744K, reserved 1048576K
}
Event: 5.633 GC heap after
{Heap after GC invocations=23 (full 0):
 garbage-first heap   total 129024K, used 62963K [0x0000000701c00000, 0x0000000800000000)
  region size 2048K, 1 young (2048K), 1 survivors (2048K)
 Metaspace       used 66305K, committed 66624K, reserved 1114112K
  class space    used 7580K, committed 7744K, reserved 1048576K
}
Event: 6.050 GC heap before
{Heap before GC invocations=24 (full 0):
 garbage-first heap   total 129024K, used 99827K [0x0000000701c00000, 0x0000000800000000)
  region size 2048K, 18 young (36864K), 1 survivors (2048K)
 Metaspace       used 70207K, committed 70464K, reserved 1114112K
  class space    used 7974K, committed 8128K, reserved 1048576K
}
Event: 6.054 GC heap after
{Heap after GC invocations=25 (full 0):
 garbage-first heap   total 129024K, used 67077K [0x0000000701c00000, 0x0000000800000000)
  region size 2048K, 2 young (4096K), 2 survivors (4096K)
 Metaspace       used 70207K, committed 70464K, reserved 1114112K
  class space    used 7974K, committed 8128K, reserved 1048576K
}
Event: 6.426 GC heap before
{Heap before GC invocations=25 (full 0):
 garbage-first heap   total 129024K, used 97797K [0x0000000701c00000, 0x0000000800000000)
  region size 2048K, 18 young (36864K), 2 survivors (4096K)
 Metaspace       used 73832K, committed 74112K, reserved 1179648K
  class space    used 8300K, committed 8448K, reserved 1048576K
}
Event: 6.432 GC heap after
{Heap after GC invocations=26 (full 0):
 garbage-first heap   total 129024K, used 70264K [0x0000000701c00000, 0x0000000800000000)
  region size 2048K, 3 young (6144K), 3 survivors (6144K)
 Metaspace       used 73832K, committed 74112K, reserved 1179648K
  class space    used 8300K, committed 8448K, reserved 1048576K
}
Event: 6.786 GC heap before
{Heap before GC invocations=27 (full 0):
 garbage-first heap   total 129024K, used 100984K [0x0000000701c00000, 0x0000000800000000)
  region size 2048K, 18 young (36864K), 3 survivors (6144K)
 Metaspace       used 80296K, committed 80640K, reserved 1179648K
  class space    used 8980K, committed 9152K, reserved 1048576K
}
Event: 6.793 GC heap after
{Heap after GC invocations=28 (full 0):
 garbage-first heap   total 129024K, used 72776K [0x0000000701c00000, 0x0000000800000000)
  region size 2048K, 2 young (4096K), 2 survivors (4096K)
 Metaspace       used 80296K, committed 80640K, reserved 1179648K
  class space    used 8980K, committed 9152K, reserved 1048576K
}
Event: 7.060 GC heap before
{Heap before GC invocations=28 (full 0):
 garbage-first heap   total 129024K, used 101448K [0x0000000701c00000, 0x0000000800000000)
  region size 2048K, 16 young (32768K), 2 survivors (4096K)
 Metaspace       used 83420K, committed 83776K, reserved 1179648K
  class space    used 9330K, committed 9472K, reserved 1048576K
}
Event: 7.064 GC heap after
{Heap after GC invocations=29 (full 0):
 garbage-first heap   total 129024K, used 76432K [0x0000000701c00000, 0x0000000800000000)
  region size 2048K, 2 young (4096K), 2 survivors (4096K)
 Metaspace       used 83420K, committed 83776K, reserved 1179648K
  class space    used 9330K, committed 9472K, reserved 1048576K
}
Event: 7.195 GC heap before
{Heap before GC invocations=30 (full 0):
 garbage-first heap   total 147456K, used 98960K [0x0000000701c00000, 0x0000000800000000)
  region size 2048K, 14 young (28672K), 2 survivors (4096K)
 Metaspace       used 83747K, committed 84096K, reserved 1179648K
  class space    used 9330K, committed 9472K, reserved 1048576K
}
Event: 7.200 GC heap after
{Heap after GC invocations=31 (full 0):
 garbage-first heap   total 147456K, used 77683K [0x0000000701c00000, 0x0000000800000000)
  region size 2048K, 2 young (4096K), 2 survivors (4096K)
 Metaspace       used 83747K, committed 84096K, reserved 1179648K
  class space    used 9330K, committed 9472K, reserved 1048576K
}
Event: 7.218 GC heap before
{Heap before GC invocations=31 (full 0):
 garbage-first heap   total 147456K, used 79731K [0x0000000701c00000, 0x0000000800000000)
  region size 2048K, 3 young (6144K), 2 survivors (4096K)
 Metaspace       used 83795K, committed 84096K, reserved 1179648K
  class space    used 9330K, committed 9472K, reserved 1048576K
}
Event: 7.222 GC heap after
{Heap after GC invocations=32 (full 0):
 garbage-first heap   total 147456K, used 78064K [0x0000000701c00000, 0x0000000800000000)
  region size 2048K, 1 young (2048K), 1 survivors (2048K)
 Metaspace       used 83795K, committed 84096K, reserved 1179648K
  class space    used 9330K, committed 9472K, reserved 1048576K
}

