# JRE version: OpenJDK Runtime Environment (17.0.9) (build 17.0.9+0--11185874)
# Java VM: OpenJDK 64-Bit Server VM (17.0.9+0--11185874, mixed mode, tiered, compressed oops, compressed class ptrs, g1 gc, windows-amd64)
GC Precious Log:
 CPUs: 12 total, 12 available
 Memory: 16265M
 Large Page Support: Disabled
 NUMA Support: Disabled
 Compressed Oops: Enabled (Zero based)
 Heap Region Size: 2M
 Heap Min Capacity: 8M
 Heap Initial Capacity: 256M
 Heap Max Capacity: 4068M
 Pre-touch: Disabled
 Parallel Workers: 10
 Concurrent Workers: 3
 Concurrent Refinement Workers: 10
 Periodic GC: Disabled
Heap:
 garbage-first heap   total 225280K, used 78120K [0x0000000701c00000, 0x0000000800000000)
  region size 2048K, 1 young (2048K), 1 survivors (2048K)
 Metaspace       used 86684K, committed 87040K, reserved 1179648K
  class space    used 9583K, committed 9728K, reserved 1048576K
GC Heap History (20 events):
Event: 3.680 GC heap after
{Heap after GC invocations=22 (full 0):
 garbage-first heap   total 96256K, used 55769K [0x0000000701c00000, 0x0000000800000000)
  region size 2048K, 2 young (4096K), 2 survivors (4096K)
 Metaspace       used 63481K, committed 63744K, reserved 1114112K
  class space    used 7509K, committed 7680K, reserved 1048576K
}
Event: 3.852 GC heap before
{Heap before GC invocations=22 (full 0):
 garbage-first heap   total 96256K, used 74201K [0x0000000701c00000, 0x0000000800000000)
  region size 2048K, 11 young (22528K), 2 survivors (4096K)
 Metaspace       used 64260K, committed 64576K, reserved 1114112K
  class space    used 7566K, committed 7744K, reserved 1048576K
}
Event: 3.858 GC heap after
{Heap after GC invocations=23 (full 0):
 garbage-first heap   total 124928K, used 58245K [0x0000000701c00000, 0x0000000800000000)
  region size 2048K, 2 young (4096K), 2 survivors (4096K)
 Metaspace       used 64260K, committed 64576K, reserved 1114112K
  class space    used 7566K, committed 7744K, reserved 1048576K
}
Event: 4.614 GC heap before
{Heap before GC invocations=24 (full 0):
 garbage-first heap   total 124928K, used 93061K [0x0000000701c00000, 0x0000000800000000)
  region size 2048K, 19 young (38912K), 2 survivors (4096K)
 Metaspace       used 65776K, committed 66048K, reserved 1114112K
  class space    used 7580K, committed 7744K, reserved 1048576K
}
Event: 4.621 GC heap after
{Heap after GC invocations=25 (full 0):
 garbage-first heap   total 124928K, used 61764K [0x0000000701c00000, 0x0000000800000000)
  region size 2048K, 3 young (6144K), 3 survivors (6144K)
 Metaspace       used 65776K, committed 66048K, reserved 1114112K
  class space    used 7580K, committed 7744K, reserved 1048576K
}
Event: 5.119 GC heap before
{Heap before GC invocations=25 (full 0):
 garbage-first heap   total 124928K, used 86340K [0x0000000701c00000, 0x0000000800000000)
  region size 2048K, 16 young (32768K), 3 survivors (6144K)
 Metaspace       used 66266K, committed 66560K, reserved 1114112K
  class space    used 7582K, committed 7744K, reserved 1048576K
}
Event: 5.127 GC heap after
{Heap after GC invocations=26 (full 0):
 garbage-first heap   total 124928K, used 64472K [0x0000000701c00000, 0x0000000800000000)
  region size 2048K, 2 young (4096K), 2 survivors (4096K)
 Metaspace       used 66266K, committed 66560K, reserved 1114112K
  class space    used 7582K, committed 7744K, reserved 1048576K
}
Event: 5.456 GC heap before
{Heap before GC invocations=27 (full 0):
 garbage-first heap   total 124928K, used 97240K [0x0000000701c00000, 0x0000000800000000)
  region size 2048K, 17 young (34816K), 2 survivors (4096K)
 Metaspace       used 69865K, committed 70144K, reserved 1114112K
  class space    used 7935K, committed 8064K, reserved 1048576K
}
Event: 5.460 GC heap after
{Heap after GC invocations=28 (full 0):
 garbage-first heap   total 124928K, used 67584K [0x0000000701c00000, 0x0000000800000000)
  region size 2048K, 2 young (4096K), 2 survivors (4096K)
 Metaspace       used 69865K, committed 70144K, reserved 1114112K
  class space    used 7935K, committed 8064K, reserved 1048576K
}
Event: 5.789 GC heap before
{Heap before GC invocations=28 (full 0):
 garbage-first heap   total 124928K, used 98304K [0x0000000701c00000, 0x0000000800000000)
  region size 2048K, 17 young (34816K), 2 survivors (4096K)
 Metaspace       used 73732K, committed 74048K, reserved 1179648K
  class space    used 8303K, committed 8448K, reserved 1048576K
}
Event: 5.796 GC heap after
{Heap after GC invocations=29 (full 0):
 garbage-first heap   total 124928K, used 70901K [0x0000000701c00000, 0x0000000800000000)
  region size 2048K, 3 young (6144K), 3 survivors (6144K)
 Metaspace       used 73732K, committed 74048K, reserved 1179648K
  class space    used 8303K, committed 8448K, reserved 1048576K
}
Event: 6.125 GC heap before
{Heap before GC invocations=30 (full 0):
 garbage-first heap   total 131072K, used 97525K [0x0000000701c00000, 0x0000000800000000)
  region size 2048K, 16 young (32768K), 3 survivors (6144K)
 Metaspace       used 78177K, committed 78464K, reserved 1179648K
  class space    used 8777K, committed 8960K, reserved 1048576K
}
Event: 6.130 GC heap after
{Heap after GC invocations=31 (full 0):
 garbage-first heap   total 131072K, used 73371K [0x0000000701c00000, 0x0000000800000000)
  region size 2048K, 2 young (4096K), 2 survivors (4096K)
 Metaspace       used 78177K, committed 78464K, reserved 1179648K
  class space    used 8777K, committed 8960K, reserved 1048576K
}
Event: 6.398 GC heap before
{Heap before GC invocations=31 (full 0):
 garbage-first heap   total 131072K, used 102043K [0x0000000701c00000, 0x0000000800000000)
  region size 2048K, 16 young (32768K), 2 survivors (4096K)
 Metaspace       used 83225K, committed 83520K, reserved 1179648K
  class space    used 9317K, committed 9472K, reserved 1048576K
}
Event: 6.402 GC heap after
{Heap after GC invocations=32 (full 0):
 garbage-first heap   total 131072K, used 76085K [0x0000000701c00000, 0x0000000800000000)
  region size 2048K, 2 young (4096K), 2 survivors (4096K)
 Metaspace       used 83225K, committed 83520K, reserved 1179648K
  class space    used 9317K, committed 9472K, reserved 1048576K
}
Event: 6.541 GC heap before
{Heap before GC invocations=33 (full 0):
 garbage-first heap   total 133120K, used 102709K [0x0000000701c00000, 0x0000000800000000)
  region size 2048K, 16 young (32768K), 2 survivors (4096K)
 Metaspace       used 83638K, committed 83904K, reserved 1179648K
  class space    used 9333K, committed 9472K, reserved 1048576K
}
Event: 6.546 GC heap after
{Heap after GC invocations=34 (full 0):
 garbage-first heap   total 133120K, used 78122K [0x0000000701c00000, 0x0000000800000000)
  region size 2048K, 2 young (4096K), 2 survivors (4096K)
 Metaspace       used 83638K, committed 83904K, reserved 1179648K
  class space    used 9333K, committed 9472K, reserved 1048576K
}
Event: 6.555 GC heap before
{Heap before GC invocations=34 (full 0):
 garbage-first heap   total 133120K, used 80170K [0x0000000701c00000, 0x0000000800000000)
  region size 2048K, 3 young (6144K), 2 survivors (4096K)
 Metaspace       used 83662K, committed 83904K, reserved 1179648K
  class space    used 9333K, committed 9472K, reserved 1048576K
}
Event: 6.560 GC heap after
{Heap after GC invocations=35 (full 0):
 garbage-first heap   total 133120K, used 77600K [0x0000000701c00000, 0x0000000800000000)
  region size 2048K, 1 young (2048K), 1 survivors (2048K)
 Metaspace       used 83662K, committed 83904K, reserved 1179648K
  class space    used 9333K, committed 9472K, reserved 1048576K
}
Event: 6.846 GC heap before
{Heap before GC invocations=35 (full 0):
 garbage-first heap   total 133120K, used 106272K [0x0000000701c00000, 0x0000000800000000)
  region size 2048K, 15 young (30720K), 1 survivors (2048K)
 Metaspace       used 86684K, committed 87040K, reserved 1179648K
  class space    used 9583K, committed 9728K, reserved 1048576K
}

