# JRE version: OpenJDK Runtime Environment (17.0.9) (build 17.0.9+0--11185874)
# Java VM: OpenJDK 64-Bit Server VM (17.0.9+0--11185874, mixed mode, tiered, compressed oops, compressed class ptrs, g1 gc, windows-amd64)
GC Precious Log:
 CPUs: 12 total, 12 available
 Memory: 16265M
 Large Page Support: Disabled
 NUMA Support: Disabled
 Compressed Oops: Enabled (32-bit)
 Heap Region Size: 1M
 Heap Min Capacity: 8M
 Heap Initial Capacity: 256M
 Heap Max Capacity: 2G
 Pre-touch: Disabled
 Parallel Workers: 10
 Concurrent Workers: 3
 Concurrent Refinement Workers: 10
 Periodic GC: Disabled
Heap:
 garbage-first heap   total 397312K, used 320414K [0x0000000080000000, 0x0000000100000000)
  region size 1024K, 11 young (11264K), 3 survivors (3072K)
 Metaspace       used 163255K, committed 164864K, reserved 1245184K
  class space    used 21723K, committed 22528K, reserved 1048576K
GC Heap History (20 events):
Event: 749.314 GC heap before
{Heap before GC invocations=75 (full 0):
 garbage-first heap   total 330752K, used 285595K [0x0000000080000000, 0x0000000100000000)
  region size 1024K, 29 young (29696K), 4 survivors (4096K)
 Metaspace       used 141418K, committed 142912K, reserved 1179648K
  class space    used 18713K, committed 19456K, reserved 1048576K
}
Event: 749.318 GC heap after
{Heap after GC invocations=76 (full 0):
 garbage-first heap   total 330752K, used 264578K [0x0000000080000000, 0x0000000100000000)
  region size 1024K, 4 young (4096K), 4 survivors (4096K)
 Metaspace       used 141418K, committed 142912K, reserved 1179648K
  class space    used 18713K, committed 19456K, reserved 1048576K
}
Event: 749.478 GC heap before
{Heap before GC invocations=76 (full 0):
 garbage-first heap   total 330752K, used 288130K [0x0000000080000000, 0x0000000100000000)
  region size 1024K, 27 young (27648K), 4 survivors (4096K)
 Metaspace       used 141535K, committed 143040K, reserved 1179648K
  class space    used 18723K, committed 19456K, reserved 1048576K
}
Event: 749.482 GC heap after
{Heap after GC invocations=77 (full 0):
 garbage-first heap   total 330752K, used 268193K [0x0000000080000000, 0x0000000100000000)
  region size 1024K, 4 young (4096K), 4 survivors (4096K)
 Metaspace       used 141535K, committed 143040K, reserved 1179648K
  class space    used 18723K, committed 19456K, reserved 1048576K
}
Event: 749.534 GC heap before
{Heap before GC invocations=77 (full 0):
 garbage-first heap   total 330752K, used 287649K [0x0000000080000000, 0x0000000100000000)
  region size 1024K, 23 young (23552K), 4 survivors (4096K)
 Metaspace       used 141628K, committed 143104K, reserved 1179648K
  class space    used 18733K, committed 19456K, reserved 1048576K
}
Event: 749.536 GC heap after
{Heap after GC invocations=78 (full 0):
 garbage-first heap   total 330752K, used 269757K [0x0000000080000000, 0x0000000100000000)
  region size 1024K, 2 young (2048K), 2 survivors (2048K)
 Metaspace       used 141628K, committed 143104K, reserved 1179648K
  class space    used 18733K, committed 19456K, reserved 1048576K
}
Event: 790.507 GC heap before
{Heap before GC invocations=78 (full 0):
 garbage-first heap   total 330752K, used 287165K [0x0000000080000000, 0x0000000100000000)
  region size 1024K, 20 young (20480K), 2 survivors (2048K)
 Metaspace       used 141712K, committed 143168K, reserved 1179648K
  class space    used 18740K, committed 19456K, reserved 1048576K
}
Event: 790.508 GC heap after
{Heap after GC invocations=79 (full 0):
 garbage-first heap   total 397312K, used 269942K [0x0000000080000000, 0x0000000100000000)
  region size 1024K, 2 young (2048K), 2 survivors (2048K)
 Metaspace       used 141712K, committed 143168K, reserved 1179648K
  class space    used 18740K, committed 19456K, reserved 1048576K
}
Event: 790.947 GC heap before
{Heap before GC invocations=79 (full 0):
 garbage-first heap   total 397312K, used 336502K [0x0000000080000000, 0x0000000100000000)
  region size 1024K, 67 young (68608K), 2 survivors (2048K)
 Metaspace       used 147083K, committed 148608K, reserved 1179648K
  class space    used 19869K, committed 20608K, reserved 1048576K
}
Event: 790.950 GC heap after
{Heap after GC invocations=80 (full 0):
 garbage-first heap   total 397312K, used 273826K [0x0000000080000000, 0x0000000100000000)
  region size 1024K, 6 young (6144K), 6 survivors (6144K)
 Metaspace       used 147083K, committed 148608K, reserved 1179648K
  class space    used 19869K, committed 20608K, reserved 1048576K
}
Event: 791.373 GC heap before
{Heap before GC invocations=80 (full 0):
 garbage-first heap   total 397312K, used 348578K [0x0000000080000000, 0x0000000100000000)
  region size 1024K, 69 young (70656K), 6 survivors (6144K)
 Metaspace       used 154467K, committed 156032K, reserved 1245184K
  class space    used 20811K, committed 21568K, reserved 1048576K
}
Event: 791.378 GC heap after
{Heap after GC invocations=81 (full 0):
 garbage-first heap   total 397312K, used 290201K [0x0000000080000000, 0x0000000100000000)
  region size 1024K, 9 young (9216K), 9 survivors (9216K)
 Metaspace       used 154467K, committed 156032K, reserved 1245184K
  class space    used 20811K, committed 21568K, reserved 1048576K
}
Event: 791.502 GC heap before
{Heap before GC invocations=81 (full 0):
 garbage-first heap   total 397312K, used 340377K [0x0000000080000000, 0x0000000100000000)
  region size 1024K, 59 young (60416K), 9 survivors (9216K)
 Metaspace       used 154647K, committed 156224K, reserved 1245184K
  class space    used 20816K, committed 21568K, reserved 1048576K
}
Event: 791.510 GC heap after
{Heap after GC invocations=82 (full 0):
 garbage-first heap   total 397312K, used 299395K [0x0000000080000000, 0x0000000100000000)
  region size 1024K, 8 young (8192K), 8 survivors (8192K)
 Metaspace       used 154647K, committed 156224K, reserved 1245184K
  class space    used 20816K, committed 21568K, reserved 1048576K
}
Event: 791.682 GC heap before
{Heap before GC invocations=82 (full 0):
 garbage-first heap   total 397312K, used 337283K [0x0000000080000000, 0x0000000100000000)
  region size 1024K, 45 young (46080K), 8 survivors (8192K)
 Metaspace       used 156453K, committed 158016K, reserved 1245184K
  class space    used 21046K, committed 21824K, reserved 1048576K
}
Event: 791.687 GC heap after
{Heap after GC invocations=83 (full 0):
 garbage-first heap   total 397312K, used 307013K [0x0000000080000000, 0x0000000100000000)
  region size 1024K, 6 young (6144K), 6 survivors (6144K)
 Metaspace       used 156453K, committed 158016K, reserved 1245184K
  class space    used 21046K, committed 21824K, reserved 1048576K
}
Event: 791.872 GC heap before
{Heap before GC invocations=83 (full 0):
 garbage-first heap   total 397312K, used 344901K [0x0000000080000000, 0x0000000100000000)
  region size 1024K, 37 young (37888K), 6 survivors (6144K)
 Metaspace       used 159170K, committed 160768K, reserved 1245184K
  class space    used 21325K, committed 22144K, reserved 1048576K
}
Event: 791.875 GC heap after
{Heap after GC invocations=84 (full 0):
 garbage-first heap   total 397312K, used 319253K [0x0000000080000000, 0x0000000100000000)
  region size 1024K, 5 young (5120K), 5 survivors (5120K)
 Metaspace       used 159170K, committed 160768K, reserved 1245184K
  class space    used 21325K, committed 22144K, reserved 1048576K
}
Event: 792.048 GC heap before
{Heap before GC invocations=84 (full 0):
 garbage-first heap   total 397312K, used 343829K [0x0000000080000000, 0x0000000100000000)
  region size 1024K, 29 young (29696K), 5 survivors (5120K)
 Metaspace       used 162167K, committed 163776K, reserved 1245184K
  class space    used 21654K, committed 22464K, reserved 1048576K
}
Event: 792.050 GC heap after
{Heap after GC invocations=85 (full 0):
 garbage-first heap   total 397312K, used 321438K [0x0000000080000000, 0x0000000100000000)
  region size 1024K, 3 young (3072K), 3 survivors (3072K)
 Metaspace       used 162167K, committed 163776K, reserved 1245184K
  class space    used 21654K, committed 22464K, reserved 1048576K
}

