# JRE version: OpenJDK Runtime Environment (17.0.9) (build 17.0.9+0--11185874)
# Java VM: OpenJDK 64-Bit Server VM (17.0.9+0--11185874, mixed mode, tiered, compressed oops, compressed class ptrs, g1 gc, windows-amd64)
GC Precious Log:
 CPUs: 12 total, 12 available
 Memory: 16265M
 Large Page Support: Disabled
 NUMA Support: Disabled
 Compressed Oops: Enabled (Zero based)
 Heap Region Size: 2M
 Heap Min Capacity: 8M
 Heap Initial Capacity: 256M
 Heap Max Capacity: 4068M
 Pre-touch: Disabled
 Parallel Workers: 10
 Concurrent Workers: 3
 Concurrent Refinement Workers: 10
 Periodic GC: Disabled
Heap:
 garbage-first heap   total 122880K, used 70290K [0x0000000701c00000, 0x0000000800000000)
  region size 2048K, 2 young (4096K), 2 survivors (4096K)
 Metaspace       used 73614K, committed 73856K, reserved 1179648K
  class space    used 8305K, committed 8448K, reserved 1048576K
GC Heap History (20 events):
Event: 2.727 GC heap after
{Heap after GC invocations=16 (full 0):
 garbage-first heap   total 96256K, used 44563K [0x0000000701c00000, 0x0000000800000000)
  region size 2048K, 2 young (4096K), 2 survivors (4096K)
 Metaspace       used 55591K, committed 55808K, reserved 1114112K
  class space    used 6539K, committed 6656K, reserved 1048576K
}
Event: 2.899 GC heap before
{Heap before GC invocations=16 (full 0):
 garbage-first heap   total 96256K, used 71187K [0x0000000701c00000, 0x0000000800000000)
  region size 2048K, 15 young (30720K), 2 survivors (4096K)
 Metaspace       used 57079K, committed 57344K, reserved 1114112K
  class space    used 6733K, committed 6848K, reserved 1048576K
}
Event: 2.905 GC heap after
{Heap after GC invocations=17 (full 0):
 garbage-first heap   total 96256K, used 47131K [0x0000000701c00000, 0x0000000800000000)
  region size 2048K, 1 young (2048K), 1 survivors (2048K)
 Metaspace       used 57079K, committed 57344K, reserved 1114112K
  class space    used 6733K, committed 6848K, reserved 1048576K
}
Event: 3.286 GC heap before
{Heap before GC invocations=17 (full 0):
 garbage-first heap   total 96256K, used 73755K [0x0000000701c00000, 0x0000000800000000)
  region size 2048K, 14 young (28672K), 1 survivors (2048K)
 Metaspace       used 61838K, committed 62144K, reserved 1114112K
  class space    used 7389K, committed 7552K, reserved 1048576K
}
Event: 3.292 GC heap after
{Heap after GC invocations=18 (full 0):
 garbage-first heap   total 96256K, used 51106K [0x0000000701c00000, 0x0000000800000000)
  region size 2048K, 2 young (4096K), 2 survivors (4096K)
 Metaspace       used 61838K, committed 62144K, reserved 1114112K
  class space    used 7389K, committed 7552K, reserved 1048576K
}
Event: 3.647 GC heap before
{Heap before GC invocations=19 (full 0):
 garbage-first heap   total 96256K, used 73634K [0x0000000701c00000, 0x0000000800000000)
  region size 2048K, 13 young (26624K), 2 survivors (4096K)
 Metaspace       used 63305K, committed 63616K, reserved 1114112K
  class space    used 7499K, committed 7680K, reserved 1048576K
}
Event: 3.655 GC heap after
{Heap after GC invocations=20 (full 0):
 garbage-first heap   total 96256K, used 55764K [0x0000000701c00000, 0x0000000800000000)
  region size 2048K, 2 young (4096K), 2 survivors (4096K)
 Metaspace       used 63305K, committed 63616K, reserved 1114112K
  class space    used 7499K, committed 7680K, reserved 1048576K
}
Event: 3.761 GC heap before
{Heap before GC invocations=20 (full 0):
 garbage-first heap   total 96256K, used 74196K [0x0000000701c00000, 0x0000000800000000)
  region size 2048K, 11 young (22528K), 2 survivors (4096K)
 Metaspace       used 63952K, committed 64256K, reserved 1114112K
  class space    used 7553K, committed 7680K, reserved 1048576K
}
Event: 3.768 GC heap after
{Heap after GC invocations=21 (full 0):
 garbage-first heap   total 122880K, used 59350K [0x0000000701c00000, 0x0000000800000000)
  region size 2048K, 2 young (4096K), 2 survivors (4096K)
 Metaspace       used 63952K, committed 64256K, reserved 1114112K
  class space    used 7553K, committed 7680K, reserved 1048576K
}
Event: 4.476 GC heap before
{Heap before GC invocations=22 (full 0):
 garbage-first heap   total 122880K, used 92118K [0x0000000701c00000, 0x0000000800000000)
  region size 2048K, 18 young (36864K), 2 survivors (4096K)
 Metaspace       used 65549K, committed 65856K, reserved 1114112K
  class space    used 7582K, committed 7744K, reserved 1048576K
}
Event: 4.483 GC heap after
{Heap after GC invocations=23 (full 0):
 garbage-first heap   total 122880K, used 62060K [0x0000000701c00000, 0x0000000800000000)
  region size 2048K, 2 young (4096K), 2 survivors (4096K)
 Metaspace       used 65549K, committed 65856K, reserved 1114112K
  class space    used 7582K, committed 7744K, reserved 1048576K
}
Event: 4.524 GC heap before
{Heap before GC invocations=23 (full 0):
 garbage-first heap   total 122880K, used 64108K [0x0000000701c00000, 0x0000000800000000)
  region size 2048K, 3 young (6144K), 2 survivors (4096K)
 Metaspace       used 65612K, committed 65920K, reserved 1114112K
  class space    used 7582K, committed 7744K, reserved 1048576K
}
Event: 4.530 GC heap after
{Heap after GC invocations=24 (full 0):
 garbage-first heap   total 122880K, used 62378K [0x0000000701c00000, 0x0000000800000000)
  region size 2048K, 1 young (2048K), 1 survivors (2048K)
 Metaspace       used 65612K, committed 65920K, reserved 1114112K
  class space    used 7582K, committed 7744K, reserved 1048576K
}
Event: 5.081 GC heap before
{Heap before GC invocations=24 (full 0):
 garbage-first heap   total 122880K, used 93098K [0x0000000701c00000, 0x0000000800000000)
  region size 2048K, 16 young (32768K), 1 survivors (2048K)
 Metaspace       used 66277K, committed 66560K, reserved 1114112K
  class space    used 7584K, committed 7744K, reserved 1048576K
}
Event: 5.085 GC heap after
{Heap after GC invocations=25 (full 0):
 garbage-first heap   total 122880K, used 64697K [0x0000000701c00000, 0x0000000800000000)
  region size 2048K, 2 young (4096K), 2 survivors (4096K)
 Metaspace       used 66277K, committed 66560K, reserved 1114112K
  class space    used 7584K, committed 7744K, reserved 1048576K
}
Event: 5.452 GC heap before
{Heap before GC invocations=26 (full 0):
 garbage-first heap   total 122880K, used 97465K [0x0000000701c00000, 0x0000000800000000)
  region size 2048K, 17 young (34816K), 2 survivors (4096K)
 Metaspace       used 68855K, committed 69120K, reserved 1114112K
  class space    used 7847K, committed 8000K, reserved 1048576K
}
Event: 5.458 GC heap after
{Heap after GC invocations=27 (full 0):
 garbage-first heap   total 122880K, used 68568K [0x0000000701c00000, 0x0000000800000000)
  region size 2048K, 3 young (6144K), 3 survivors (6144K)
 Metaspace       used 68855K, committed 69120K, reserved 1114112K
  class space    used 7847K, committed 8000K, reserved 1048576K
}
Event: 5.471 GC heap before
{Heap before GC invocations=27 (full 0):
 garbage-first heap   total 122880K, used 68568K [0x0000000701c00000, 0x0000000800000000)
  region size 2048K, 4 young (8192K), 3 survivors (6144K)
 Metaspace       used 69410K, committed 69696K, reserved 1114112K
  class space    used 7898K, committed 8064K, reserved 1048576K
}
Event: 5.478 GC heap after
{Heap after GC invocations=28 (full 0):
 garbage-first heap   total 122880K, used 68386K [0x0000000701c00000, 0x0000000800000000)
  region size 2048K, 1 young (2048K), 1 survivors (2048K)
 Metaspace       used 69410K, committed 69696K, reserved 1114112K
  class space    used 7898K, committed 8064K, reserved 1048576K
}
Event: 5.742 GC heap before
{Heap before GC invocations=28 (full 0):
 garbage-first heap   total 122880K, used 97058K [0x0000000701c00000, 0x0000000800000000)
  region size 2048K, 15 young (30720K), 1 survivors (2048K)
 Metaspace       used 73614K, committed 73856K, reserved 1179648K
  class space    used 8305K, committed 8448K, reserved 1048576K
}

