# JRE version: OpenJDK Runtime Environment (17.0.9) (build 17.0.9+0--11185874)
# Java VM: OpenJDK 64-Bit Server VM (17.0.9+0--11185874, mixed mode, tiered, compressed oops, compressed class ptrs, g1 gc, windows-amd64)
GC Precious Log:
 CPUs: 12 total, 12 available
 Memory: 16265M
 Large Page Support: Disabled
 NUMA Support: Disabled
 Compressed Oops: Enabled (32-bit)
 Heap Region Size: 1M
 Heap Min Capacity: 8M
 Heap Initial Capacity: 256M
 Heap Max Capacity: 2G
 Pre-touch: Disabled
 Parallel Workers: 10
 Concurrent Workers: 3
 Concurrent Refinement Workers: 10
 Periodic GC: Disabled
Heap:
 garbage-first heap   total 411648K, used 300431K [0x0000000080000000, 0x0000000100000000)
  region size 1024K, 83 young (84992K), 10 survivors (10240K)
 Metaspace       used 165457K, committed 166400K, reserved 1245184K
  class space    used 21570K, committed 22016K, reserved 1048576K
GC Heap History (20 events):
Event: 7.522 GC heap before
{Heap before GC invocations=56 (full 0):
 garbage-first heap   total 356352K, used 161992K [0x0000000080000000, 0x0000000100000000)
  region size 1024K, 17 young (17408K), 15 survivors (15360K)
 Metaspace       used 123382K, committed 124096K, reserved 1179648K
  class space    used 16207K, committed 16512K, reserved 1048576K
}
Event: 7.526 GC heap after
{Heap after GC invocations=57 (full 0):
 garbage-first heap   total 356352K, used 161274K [0x0000000080000000, 0x0000000100000000)
  region size 1024K, 2 young (2048K), 2 survivors (2048K)
 Metaspace       used 123382K, committed 124096K, reserved 1179648K
  class space    used 16207K, committed 16512K, reserved 1048576K
}
Event: 8.424 GC heap before
{Heap before GC invocations=57 (full 0):
 garbage-first heap   total 356352K, used 281082K [0x0000000080000000, 0x0000000100000000)
  region size 1024K, 118 young (120832K), 2 survivors (2048K)
 Metaspace       used 140205K, committed 140992K, reserved 1179648K
  class space    used 18381K, committed 18752K, reserved 1048576K
}
Event: 8.427 GC heap after
{Heap after GC invocations=58 (full 0):
 garbage-first heap   total 356352K, used 164965K [0x0000000080000000, 0x0000000100000000)
  region size 1024K, 6 young (6144K), 6 survivors (6144K)
 Metaspace       used 140205K, committed 140992K, reserved 1179648K
  class space    used 18381K, committed 18752K, reserved 1048576K
}
Event: 9.070 GC heap before
{Heap before GC invocations=58 (full 0):
 garbage-first heap   total 356352K, used 302181K [0x0000000080000000, 0x0000000100000000)
  region size 1024K, 125 young (128000K), 6 survivors (6144K)
 Metaspace       used 148153K, committed 149056K, reserved 1179648K
  class space    used 19536K, committed 19968K, reserved 1048576K
}
Event: 9.077 GC heap after
{Heap after GC invocations=59 (full 0):
 garbage-first heap   total 356352K, used 194001K [0x0000000080000000, 0x0000000100000000)
  region size 1024K, 16 young (16384K), 16 survivors (16384K)
 Metaspace       used 148153K, committed 149056K, reserved 1179648K
  class space    used 19536K, committed 19968K, reserved 1048576K
}
Event: 9.335 GC heap before
{Heap before GC invocations=59 (full 0):
 garbage-first heap   total 356352K, used 285137K [0x0000000080000000, 0x0000000100000000)
  region size 1024K, 106 young (108544K), 16 survivors (16384K)
 Metaspace       used 148174K, committed 149056K, reserved 1179648K
  class space    used 19537K, committed 19968K, reserved 1048576K
}
Event: 9.342 GC heap after
{Heap after GC invocations=60 (full 0):
 garbage-first heap   total 356352K, used 203157K [0x0000000080000000, 0x0000000100000000)
  region size 1024K, 12 young (12288K), 12 survivors (12288K)
 Metaspace       used 148174K, committed 149056K, reserved 1179648K
  class space    used 19537K, committed 19968K, reserved 1048576K
}
Event: 9.648 GC heap before
{Heap before GC invocations=60 (full 0):
 garbage-first heap   total 356352K, used 289173K [0x0000000080000000, 0x0000000100000000)
  region size 1024K, 96 young (98304K), 12 survivors (12288K)
 Metaspace       used 148174K, committed 149056K, reserved 1179648K
  class space    used 19537K, committed 19968K, reserved 1048576K
}
Event: 9.652 GC heap after
{Heap after GC invocations=61 (full 0):
 garbage-first heap   total 356352K, used 207862K [0x0000000080000000, 0x0000000100000000)
  region size 1024K, 5 young (5120K), 5 survivors (5120K)
 Metaspace       used 148174K, committed 149056K, reserved 1179648K
  class space    used 19537K, committed 19968K, reserved 1048576K
}
Event: 9.857 GC heap before
{Heap before GC invocations=61 (full 0):
 garbage-first heap   total 356352K, used 293878K [0x0000000080000000, 0x0000000100000000)
  region size 1024K, 89 young (91136K), 5 survivors (5120K)
 Metaspace       used 148175K, committed 149056K, reserved 1179648K
  class space    used 19537K, committed 19968K, reserved 1048576K
}
Event: 9.860 GC heap after
{Heap after GC invocations=62 (full 0):
 garbage-first heap   total 356352K, used 211155K [0x0000000080000000, 0x0000000100000000)
  region size 1024K, 9 young (9216K), 9 survivors (9216K)
 Metaspace       used 148175K, committed 149056K, reserved 1179648K
  class space    used 19537K, committed 19968K, reserved 1048576K
}
Event: 9.955 GC heap before
{Heap before GC invocations=62 (full 0):
 garbage-first heap   total 356352K, used 255187K [0x0000000080000000, 0x0000000100000000)
  region size 1024K, 41 young (41984K), 9 survivors (9216K)
 Metaspace       used 148215K, committed 149120K, reserved 1179648K
  class space    used 19547K, committed 19968K, reserved 1048576K
}
Event: 9.958 GC heap after
{Heap after GC invocations=63 (full 0):
 garbage-first heap   total 356352K, used 225280K [0x0000000080000000, 0x0000000100000000)
  region size 1024K, 6 young (6144K), 6 survivors (6144K)
 Metaspace       used 148215K, committed 149120K, reserved 1179648K
  class space    used 19547K, committed 19968K, reserved 1048576K
}
Event: 10.453 GC heap before
{Heap before GC invocations=64 (full 0):
 garbage-first heap   total 411648K, used 303104K [0x0000000080000000, 0x0000000100000000)
  region size 1024K, 78 young (79872K), 6 survivors (6144K)
 Metaspace       used 156299K, committed 157248K, reserved 1245184K
  class space    used 20590K, committed 21056K, reserved 1048576K
}
Event: 10.459 GC heap after
{Heap after GC invocations=65 (full 0):
 garbage-first heap   total 411648K, used 222015K [0x0000000080000000, 0x0000000100000000)
  region size 1024K, 10 young (10240K), 10 survivors (10240K)
 Metaspace       used 156299K, committed 157248K, reserved 1245184K
  class space    used 20590K, committed 21056K, reserved 1048576K
}
Event: 10.536 GC heap before
{Heap before GC invocations=65 (full 0):
 garbage-first heap   total 411648K, used 232255K [0x0000000080000000, 0x0000000100000000)
  region size 1024K, 20 young (20480K), 10 survivors (10240K)
 Metaspace       used 157155K, committed 158016K, reserved 1245184K
  class space    used 20718K, committed 21120K, reserved 1048576K
}
Event: 10.540 GC heap after
{Heap after GC invocations=66 (full 0):
 garbage-first heap   total 411648K, used 219399K [0x0000000080000000, 0x0000000100000000)
  region size 1024K, 3 young (3072K), 3 survivors (3072K)
 Metaspace       used 157155K, committed 158016K, reserved 1245184K
  class space    used 20718K, committed 21120K, reserved 1048576K
}
Event: 10.913 GC heap before
{Heap before GC invocations=66 (full 0):
 garbage-first heap   total 411648K, used 323847K [0x0000000080000000, 0x0000000100000000)
  region size 1024K, 105 young (107520K), 3 survivors (3072K)
 Metaspace       used 161045K, committed 161984K, reserved 1245184K
  class space    used 21062K, committed 21504K, reserved 1048576K
}
Event: 10.917 GC heap after
{Heap after GC invocations=67 (full 0):
 garbage-first heap   total 411648K, used 226703K [0x0000000080000000, 0x0000000100000000)
  region size 1024K, 10 young (10240K), 10 survivors (10240K)
 Metaspace       used 161045K, committed 161984K, reserved 1245184K
  class space    used 21062K, committed 21504K, reserved 1048576K
}

