# JRE version: OpenJDK Runtime Environment (17.0.9) (build 17.0.9+0--11185874)
# Java VM: OpenJDK 64-Bit Server VM (17.0.9+0--11185874, mixed mode, tiered, compressed oops, compressed class ptrs, g1 gc, windows-amd64)
GC Precious Log:
 CPUs: 12 total, 12 available
 Memory: 16265M
 Large Page Support: Disabled
 NUMA Support: Disabled
 Compressed Oops: Enabled (32-bit)
 Heap Region Size: 1M
 Heap Min Capacity: 8M
 Heap Initial Capacity: 256M
 Heap Max Capacity: 2G
 Pre-touch: Disabled
 Parallel Workers: 10
 Concurrent Workers: 3
 Concurrent Refinement Workers: 10
 Periodic GC: Disabled
Heap:
 garbage-first heap   total 346112K, used 226260K [0x0000000080000000, 0x0000000100000000)
  region size 1024K, 9 young (9216K), 5 survivors (5120K)
 Metaspace       used 120103K, committed 121216K, reserved 1179648K
  class space    used 16060K, committed 16640K, reserved 1048576K
GC Heap History (20 events):
Event: 83.218 GC heap after
{Heap after GC invocations=46 (full 0):
 garbage-first heap   total 287744K, used 179227K [0x0000000080000000, 0x0000000100000000)
  region size 1024K, 9 young (9216K), 9 survivors (9216K)
 Metaspace       used 111828K, committed 112704K, reserved 1179648K
  class space    used 14985K, committed 15424K, reserved 1048576K
}
Event: 118.661 GC heap before
{Heap before GC invocations=46 (full 0):
 garbage-first heap   total 287744K, used 239643K [0x0000000080000000, 0x0000000100000000)
  region size 1024K, 69 young (70656K), 9 survivors (9216K)
 Metaspace       used 113890K, committed 114816K, reserved 1179648K
  class space    used 15275K, committed 15744K, reserved 1048576K
}
Event: 118.666 GC heap after
{Heap after GC invocations=47 (full 0):
 garbage-first heap   total 287744K, used 183493K [0x0000000080000000, 0x0000000100000000)
  region size 1024K, 5 young (5120K), 5 survivors (5120K)
 Metaspace       used 113890K, committed 114816K, reserved 1179648K
  class space    used 15275K, committed 15744K, reserved 1048576K
}
Event: 119.101 GC heap before
{Heap before GC invocations=47 (full 0):
 garbage-first heap   total 287744K, used 240837K [0x0000000080000000, 0x0000000100000000)
  region size 1024K, 62 young (63488K), 5 survivors (5120K)
 Metaspace       used 116078K, committed 117056K, reserved 1179648K
  class space    used 15556K, committed 16064K, reserved 1048576K
}
Event: 119.105 GC heap after
{Heap after GC invocations=48 (full 0):
 garbage-first heap   total 287744K, used 191630K [0x0000000080000000, 0x0000000100000000)
  region size 1024K, 8 young (8192K), 8 survivors (8192K)
 Metaspace       used 116078K, committed 117056K, reserved 1179648K
  class space    used 15556K, committed 16064K, reserved 1048576K
}
Event: 119.274 GC heap before
{Heap before GC invocations=48 (full 0):
 garbage-first heap   total 287744K, used 240781K [0x0000000080000000, 0x0000000100000000)
  region size 1024K, 57 young (58368K), 8 survivors (8192K)
 Metaspace       used 116411K, committed 117376K, reserved 1179648K
  class space    used 15599K, committed 16064K, reserved 1048576K
}
Event: 119.279 GC heap after
{Heap after GC invocations=49 (full 0):
 garbage-first heap   total 287744K, used 198381K [0x0000000080000000, 0x0000000100000000)
  region size 1024K, 7 young (7168K), 7 survivors (7168K)
 Metaspace       used 116411K, committed 117376K, reserved 1179648K
  class space    used 15599K, committed 16064K, reserved 1048576K
}
Event: 119.420 GC heap before
{Heap before GC invocations=49 (full 0):
 garbage-first heap   total 287744K, used 242413K [0x0000000080000000, 0x0000000100000000)
  region size 1024K, 51 young (52224K), 7 survivors (7168K)
 Metaspace       used 116590K, committed 117568K, reserved 1179648K
  class space    used 15612K, committed 16064K, reserved 1048576K
}
Event: 119.424 GC heap after
{Heap after GC invocations=50 (full 0):
 garbage-first heap   total 287744K, used 202205K [0x0000000080000000, 0x0000000100000000)
  region size 1024K, 4 young (4096K), 4 survivors (4096K)
 Metaspace       used 116590K, committed 117568K, reserved 1179648K
  class space    used 15612K, committed 16064K, reserved 1048576K
}
Event: 119.567 GC heap before
{Heap before GC invocations=50 (full 0):
 garbage-first heap   total 287744K, used 244189K [0x0000000080000000, 0x0000000100000000)
  region size 1024K, 46 young (47104K), 4 survivors (4096K)
 Metaspace       used 116819K, committed 117824K, reserved 1179648K
  class space    used 15636K, committed 16128K, reserved 1048576K
}
Event: 119.570 GC heap after
{Heap after GC invocations=51 (full 0):
 garbage-first heap   total 287744K, used 205022K [0x0000000080000000, 0x0000000100000000)
  region size 1024K, 3 young (3072K), 3 survivors (3072K)
 Metaspace       used 116819K, committed 117824K, reserved 1179648K
  class space    used 15636K, committed 16128K, reserved 1048576K
}
Event: 119.679 GC heap before
{Heap before GC invocations=51 (full 0):
 garbage-first heap   total 287744K, used 245982K [0x0000000080000000, 0x0000000100000000)
  region size 1024K, 44 young (45056K), 3 survivors (3072K)
 Metaspace       used 116885K, committed 117888K, reserved 1179648K
  class space    used 15639K, committed 16128K, reserved 1048576K
}
Event: 119.682 GC heap after
{Heap after GC invocations=52 (full 0):
 garbage-first heap   total 287744K, used 206974K [0x0000000080000000, 0x0000000100000000)
  region size 1024K, 5 young (5120K), 5 survivors (5120K)
 Metaspace       used 116885K, committed 117888K, reserved 1179648K
  class space    used 15639K, committed 16128K, reserved 1048576K
}
Event: 119.777 GC heap before
{Heap before GC invocations=52 (full 0):
 garbage-first heap   total 287744K, used 246910K [0x0000000080000000, 0x0000000100000000)
  region size 1024K, 45 young (46080K), 5 survivors (5120K)
 Metaspace       used 116935K, committed 117952K, reserved 1179648K
  class space    used 15641K, committed 16128K, reserved 1048576K
}
Event: 119.780 GC heap after
{Heap after GC invocations=53 (full 0):
 garbage-first heap   total 287744K, used 209278K [0x0000000080000000, 0x0000000100000000)
  region size 1024K, 5 young (5120K), 5 survivors (5120K)
 Metaspace       used 116935K, committed 117952K, reserved 1179648K
  class space    used 15641K, committed 16128K, reserved 1048576K
}
Event: 533.491 GC heap before
{Heap before GC invocations=53 (full 0):
 garbage-first heap   total 287744K, used 248190K [0x0000000080000000, 0x0000000100000000)
  region size 1024K, 44 young (45056K), 5 survivors (5120K)
 Metaspace       used 117742K, committed 118720K, reserved 1179648K
  class space    used 15728K, committed 16192K, reserved 1048576K
}
Event: 533.494 GC heap after
{Heap after GC invocations=54 (full 0):
 garbage-first heap   total 346112K, used 210383K [0x0000000080000000, 0x0000000100000000)
  region size 1024K, 4 young (4096K), 4 survivors (4096K)
 Metaspace       used 117742K, committed 118720K, reserved 1179648K
  class space    used 15728K, committed 16192K, reserved 1048576K
}
Event: 535.062 GC heap before
{Heap before GC invocations=54 (full 0):
 garbage-first heap   total 346112K, used 295375K [0x0000000080000000, 0x0000000100000000)
  region size 1024K, 88 young (90112K), 4 survivors (4096K)
 Metaspace       used 118594K, committed 119616K, reserved 1179648K
  class space    used 15822K, committed 16320K, reserved 1048576K
}
Event: 535.067 GC heap after
{Heap after GC invocations=55 (full 0):
 garbage-first heap   total 346112K, used 219479K [0x0000000080000000, 0x0000000100000000)
  region size 1024K, 11 young (11264K), 11 survivors (11264K)
 Metaspace       used 118594K, committed 119616K, reserved 1179648K
  class space    used 15822K, committed 16320K, reserved 1048576K
}
Event: 616.989 GC heap before
{Heap before GC invocations=55 (full 0):
 garbage-first heap   total 346112K, used 293207K [0x0000000080000000, 0x0000000100000000)
  region size 1024K, 84 young (86016K), 11 survivors (11264K)
 Metaspace       used 120092K, committed 121216K, reserved 1179648K
  class space    used 16060K, committed 16640K, reserved 1048576K
}

